{
    "KREDS": {
        "name": "Kreds", 
        "timesincelast": 403761, 
        "workers": 0, 
        "24h_btc": 0, 
        "shares": 32, 
        "height": 16175, 
        "lastblock": 13221, 
        "algo": "lyra2v2", 
        "24h_blocks": 0, 
        "estimate": "0.00000", 
        "port": 4533, 
        "hashrate": 0
    }, 
    "SAGA": {
        "name": "SagaCoin", 
        "timesincelast": 330084, 
        "workers": 2, 
        "24h_btc": 0, 
        "shares": 9550, 
        "height": 97099, 
        "lastblock": 93245, 
        "algo": "scrypt", 
        "24h_blocks": 0, 
        "estimate": "0.00000", 
        "port": 3433, 
        "hashrate": 1010102861
    }, 
    "RVN": {
        "name": "RavenCoin", 
        "timesincelast": 1058, 
        "workers": 1003, 
        "24h_btc": 0, 
        "shares": 27064, 
        "height": 104813, 
        "lastblock": 104793, 
        "algo": "x16r", 
        "24h_blocks": 82, 
        "estimate": "0.00000", 
        "port": 3636, 
        "hashrate": 26965384690
    }, 
    "POLYT": {
        "name": "Polytimos", 
        "timesincelast": 2716, 
        "workers": 17, 
        "24h_btc": 0.05612044, 
        "shares": 669, 
        "height": 49087, 
        "symbol": "POLY", 
        "lastblock": 49074, 
        "algo": "polytimos", 
        "24h_blocks": 28, 
        "estimate": "0.00000", 
        "port": 3032, 
        "hashrate": 874976693
    }, 
    "LCC": {
        "name": "LitecoinCash", 
        "timesincelast": 23323, 
        "workers": 8, 
        "24h_btc": 0, 
        "shares": 1599, 
        "height": 1377335, 
        "lastblock": 1377191, 
        "algo": "sha256", 
        "24h_blocks": 4, 
        "estimate": "0.00000", 
        "port": 3333, 
        "hashrate": 46661983389170
    }, 
    "ARGO": {
        "name": "ARGO", 
        "timesincelast": 4164, 
        "workers": 6, 
        "24h_btc": 0, 
        "shares": 697, 
        "height": 48271, 
        "lastblock": 48199, 
        "algo": "skein", 
        "24h_blocks": 4, 
        "estimate": "0.00000", 
        "port": 4933, 
        "hashrate": 10525991317
    }
}